/home/Nate_S/Projects/geometric_analysis/schwarzD/../surface2surface.py:93: FutureWarning: elementwise comparison failed; returning scalar instead, but in the future will perform elementwise comparison
  if struct == 'gyroid':
/home/Nate_S/Projects/geometric_analysis/schwarzD/../surface2surface.py:95: FutureWarning: elementwise comparison failed; returning scalar instead, but in the future will perform elementwise comparison
  elif struct == 'schwarzD':
0.05
Saved 1 out of 1000 distances to distribution
0.05
Saved 2 out of 1000 distances to distribution
0.05
Saved 3 out of 1000 distances to distribution
0.05
Saved 4 out of 1000 distances to distribution
16.2
Saved 5 out of 1000 distances to distribution
1.2000000000000002
Saved 6 out of 1000 distances to distribution
0.1
Saved 7 out of 1000 distances to distribution
0.25
Saved 8 out of 1000 distances to distribution
0.2
Saved 9 out of 1000 distances to distribution
0.05
Saved 10 out of 1000 distances to distribution
0.05
Saved 11 out of 1000 distances to distribution
3.35
Saved 12 out of 1000 distances to distribution
0.05
Saved 13 out of 1000 distances to distribution
0.05
Saved 14 out of 1000 distances to distribution
0.05
Saved 15 out of 1000 distances to distribution
0.25
Saved 16 out of 1000 distances to distribution
0.05
Saved 17 out of 1000 distances to distribution
0.05
Saved 18 out of 1000 distances to distribution
0.05
Saved 19 out of 1000 distances to distribution
0.05
Saved 20 out of 1000 distances to distribution
0.05
Saved 21 out of 1000 distances to distribution
2.25
Saved 22 out of 1000 distances to distribution
3.5
Saved 23 out of 1000 distances to distribution
8.200000000000001
Saved 24 out of 1000 distances to distribution
0.05
Saved 25 out of 1000 distances to distribution
0.05
Saved 26 out of 1000 distances to distribution
3.2
Saved 27 out of 1000 distances to distribution
2.9000000000000004
Saved 28 out of 1000 distances to distribution
2.85
Saved 29 out of 1000 distances to distribution
4.15
Saved 30 out of 1000 distances to distribution
0.2
Saved 31 out of 1000 distances to distribution
0.05
Saved 32 out of 1000 distances to distribution
3.25
Saved 33 out of 1000 distances to distribution
0.05
Saved 34 out of 1000 distances to distribution
0.2
Saved 35 out of 1000 distances to distribution
0.1
Saved 36 out of 1000 distances to distribution
4.2
Saved 37 out of 1000 distances to distribution
0.2
Saved 38 out of 1000 distances to distribution
0.05
Saved 39 out of 1000 distances to distribution
12.25
Saved 40 out of 1000 distances to distribution
0.05
Saved 41 out of 1000 distances to distribution
2.7
Saved 42 out of 1000 distances to distribution
0.05
Saved 43 out of 1000 distances to distribution
0.05
Saved 44 out of 1000 distances to distribution
0.05
Saved 45 out of 1000 distances to distribution
0.05
Saved 46 out of 1000 distances to distribution
0.2
Saved 47 out of 1000 distances to distribution
3.5
Saved 48 out of 1000 distances to distribution
7.95
Saved 49 out of 1000 distances to distribution
0.05
Saved 50 out of 1000 distances to distribution
3.35
Saved 51 out of 1000 distances to distribution
8.1
Saved 52 out of 1000 distances to distribution
0.05
Saved 53 out of 1000 distances to distribution
0.05
Saved 54 out of 1000 distances to distribution
0.05
Saved 55 out of 1000 distances to distribution
0.05
Saved 56 out of 1000 distances to distribution
0.05
Saved 57 out of 1000 distances to distribution
0.05
Saved 58 out of 1000 distances to distribution
8.15
Saved 59 out of 1000 distances to distribution
0.05
Saved 60 out of 1000 distances to distribution
0.05
Saved 61 out of 1000 distances to distribution
0.05
Saved 62 out of 1000 distances to distribution
2.85
Saved 63 out of 1000 distances to distribution
0.05
Saved 64 out of 1000 distances to distribution
16.2
Saved 65 out of 1000 distances to distribution
2.35
Saved 66 out of 1000 distances to distribution
4.15
Saved 67 out of 1000 distances to distribution
3.4000000000000004
Saved 68 out of 1000 distances to distribution
0.05
Saved 69 out of 1000 distances to distribution
0.05
Saved 70 out of 1000 distances to distribution
0.05
Saved 71 out of 1000 distances to distribution
0.2
Saved 72 out of 1000 distances to distribution
0.1
Saved 73 out of 1000 distances to distribution
0.05
Saved 74 out of 1000 distances to distribution
16.2
Saved 75 out of 1000 distances to distribution
4.45
Saved 76 out of 1000 distances to distribution
0.2
Saved 77 out of 1000 distances to distribution
0.05
Saved 78 out of 1000 distances to distribution
2.9000000000000004
Saved 79 out of 1000 distances to distribution
2.75
Saved 80 out of 1000 distances to distribution
0.05
Saved 81 out of 1000 distances to distribution
3.25
Saved 82 out of 1000 distances to distribution
0.05
Saved 83 out of 1000 distances to distribution
0.2
Saved 84 out of 1000 distances to distribution
0.2
Saved 85 out of 1000 distances to distribution
0.05
Saved 86 out of 1000 distances to distribution
2.9000000000000004
Saved 87 out of 1000 distances to distribution
3.5
Saved 88 out of 1000 distances to distribution
1.55
Saved 89 out of 1000 distances to distribution
2.7
Saved 90 out of 1000 distances to distribution
0.05
Saved 91 out of 1000 distances to distribution
0.4
Saved 92 out of 1000 distances to distribution
0.05
Saved 93 out of 1000 distances to distribution
0.05
Saved 94 out of 1000 distances to distribution
3.0
Saved 95 out of 1000 distances to distribution
0.05
Saved 96 out of 1000 distances to distribution
0.25
Saved 97 out of 1000 distances to distribution
0.05
Saved 98 out of 1000 distances to distribution
0.05
Saved 99 out of 1000 distances to distribution
0.05
Saved 100 out of 1000 distances to distribution
0.05
Saved 101 out of 1000 distances to distribution
3.4000000000000004
Saved 102 out of 1000 distances to distribution
0.05
Saved 103 out of 1000 distances to distribution
0.25
Saved 104 out of 1000 distances to distribution
0.25
Saved 105 out of 1000 distances to distribution
0.05
Saved 106 out of 1000 distances to distribution
0.05
Saved 107 out of 1000 distances to distribution
0.05
Saved 108 out of 1000 distances to distribution
2.5
Saved 109 out of 1000 distances to distribution
3.85
Saved 110 out of 1000 distances to distribution
0.25
Saved 111 out of 1000 distances to distribution
0.05
Saved 112 out of 1000 distances to distribution
0.05
Saved 113 out of 1000 distances to distribution
0.05
Saved 114 out of 1000 distances to distribution
0.05
Saved 115 out of 1000 distances to distribution
0.25
Saved 116 out of 1000 distances to distribution
0.2
Saved 117 out of 1000 distances to distribution
0.05
Saved 118 out of 1000 distances to distribution
0.05
Saved 119 out of 1000 distances to distribution
0.2
Saved 120 out of 1000 distances to distribution
8.15
Saved 121 out of 1000 distances to distribution
0.05
Saved 122 out of 1000 distances to distribution
0.05
Saved 123 out of 1000 distances to distribution
0.05
Saved 124 out of 1000 distances to distribution
0.05
Saved 125 out of 1000 distances to distribution
0.05
Saved 126 out of 1000 distances to distribution
8.1
Saved 127 out of 1000 distances to distribution
5.2
Saved 128 out of 1000 distances to distribution
0.05
Saved 129 out of 1000 distances to distribution
0.05
Saved 130 out of 1000 distances to distribution
0.05
Saved 131 out of 1000 distances to distribution
0.8
Saved 132 out of 1000 distances to distribution
8.05
Saved 133 out of 1000 distances to distribution
0.05
Saved 134 out of 1000 distances to distribution
16.2
Saved 135 out of 1000 distances to distribution
0.05
Saved 136 out of 1000 distances to distribution
0.05
Saved 137 out of 1000 distances to distribution
0.05
Saved 138 out of 1000 distances to distribution
0.2
Saved 139 out of 1000 distances to distribution
0.4
Saved 140 out of 1000 distances to distribution
0.05
Saved 141 out of 1000 distances to distribution
0.05
Saved 142 out of 1000 distances to distribution
2.6
Saved 143 out of 1000 distances to distribution
8.200000000000001
Saved 144 out of 1000 distances to distribution
0.2
Saved 145 out of 1000 distances to distribution
0.05
Saved 146 out of 1000 distances to distribution
0.05
Saved 147 out of 1000 distances to distribution
4.2
Saved 148 out of 1000 distances to distribution
0.05
Saved 149 out of 1000 distances to distribution
2.9000000000000004
Saved 150 out of 1000 distances to distribution
0.05
Saved 151 out of 1000 distances to distribution
0.25
Saved 152 out of 1000 distances to distribution
0.8
Saved 153 out of 1000 distances to distribution
0.05
Saved 154 out of 1000 distances to distribution
0.05
Saved 155 out of 1000 distances to distribution
8.0
Saved 156 out of 1000 distances to distribution
0.05
Saved 157 out of 1000 distances to distribution
8.05
Saved 158 out of 1000 distances to distribution
8.0
Saved 159 out of 1000 distances to distribution
0.1
Saved 160 out of 1000 distances to distribution
0.35000000000000003
Saved 161 out of 1000 distances to distribution
2.25
Saved 162 out of 1000 distances to distribution
2.3000000000000003
Saved 163 out of 1000 distances to distribution
0.05
Saved 164 out of 1000 distances to distribution
0.05
Saved 165 out of 1000 distances to distribution
0.05
Saved 166 out of 1000 distances to distribution
0.05
Saved 167 out of 1000 distances to distribution
8.05
Saved 168 out of 1000 distances to distribution
2.6
Saved 169 out of 1000 distances to distribution
0.05
Saved 170 out of 1000 distances to distribution
0.25
Saved 171 out of 1000 distances to distribution
0.05
Saved 172 out of 1000 distances to distribution
0.05
Saved 173 out of 1000 distances to distribution
0.05
Saved 174 out of 1000 distances to distribution
0.2
Saved 175 out of 1000 distances to distribution
0.05
Saved 176 out of 1000 distances to distribution
0.25
Saved 177 out of 1000 distances to distribution
0.2
Saved 178 out of 1000 distances to distribution
0.2
Saved 179 out of 1000 distances to distribution
8.15
Saved 180 out of 1000 distances to distribution
2.5
Saved 181 out of 1000 distances to distribution
2.75
Saved 182 out of 1000 distances to distribution
8.05
Saved 183 out of 1000 distances to distribution
0.05
Saved 184 out of 1000 distances to distribution
0.05
Saved 185 out of 1000 distances to distribution
0.05
Saved 186 out of 1000 distances to distribution
0.05
Saved 187 out of 1000 distances to distribution
0.05
Saved 188 out of 1000 distances to distribution
3.1500000000000004
Saved 189 out of 1000 distances to distribution
0.2
Saved 190 out of 1000 distances to distribution
0.05
Saved 191 out of 1000 distances to distribution
0.05
Saved 192 out of 1000 distances to distribution
0.05
Saved 193 out of 1000 distances to distribution
0.05
Saved 194 out of 1000 distances to distribution
0.05
Saved 195 out of 1000 distances to distribution
0.05
Saved 196 out of 1000 distances to distribution
2.7
Saved 197 out of 1000 distances to distribution
0.05
Saved 198 out of 1000 distances to distribution
0.25
Saved 199 out of 1000 distances to distribution
0.05
Saved 200 out of 1000 distances to distribution
0.05
Saved 201 out of 1000 distances to distribution
0.05
Saved 202 out of 1000 distances to distribution
0.1
Saved 203 out of 1000 distances to distribution
0.05
Saved 204 out of 1000 distances to distribution
0.05
Saved 205 out of 1000 distances to distribution
0.05
Saved 206 out of 1000 distances to distribution
0.2
Saved 207 out of 1000 distances to distribution
0.2
Saved 208 out of 1000 distances to distribution
2.35
Saved 209 out of 1000 distances to distribution
11.9
Saved 210 out of 1000 distances to distribution
8.1
Saved 211 out of 1000 distances to distribution
0.05
Saved 212 out of 1000 distances to distribution
3.0500000000000003
Saved 213 out of 1000 distances to distribution
0.2
Saved 214 out of 1000 distances to distribution
0.05
Saved 215 out of 1000 distances to distribution
6.65
Saved 216 out of 1000 distances to distribution
0.05
Saved 217 out of 1000 distances to distribution
0.05
Saved 218 out of 1000 distances to distribution
0.05
Saved 219 out of 1000 distances to distribution
0.05
Saved 220 out of 1000 distances to distribution
0.25
Saved 221 out of 1000 distances to distribution
0.05
Saved 222 out of 1000 distances to distribution
0.05
Saved 223 out of 1000 distances to distribution
0.05
Saved 224 out of 1000 distances to distribution
0.05
Saved 225 out of 1000 distances to distribution
0.25
Saved 226 out of 1000 distances to distribution
0.05
Saved 227 out of 1000 distances to distribution
19.650000000000002
Saved 228 out of 1000 distances to distribution
0.05
Saved 229 out of 1000 distances to distribution
0.05
Saved 230 out of 1000 distances to distribution
0.05
Saved 231 out of 1000 distances to distribution
8.200000000000001
Saved 232 out of 1000 distances to distribution
0.05
Saved 233 out of 1000 distances to distribution
0.05
Saved 234 out of 1000 distances to distribution
2.35
Saved 235 out of 1000 distances to distribution
0.05
Saved 236 out of 1000 distances to distribution
0.05
Saved 237 out of 1000 distances to distribution
0.05
Saved 238 out of 1000 distances to distribution
0.1
Saved 239 out of 1000 distances to distribution
0.05
Saved 240 out of 1000 distances to distribution
0.05
Saved 241 out of 1000 distances to distribution
0.05
Saved 242 out of 1000 distances to distribution
0.05
Saved 243 out of 1000 distances to distribution
0.25
Saved 244 out of 1000 distances to distribution
0.75
Saved 245 out of 1000 distances to distribution
0.05
Saved 246 out of 1000 distances to distribution
16.2
Saved 247 out of 1000 distances to distribution
3.0
Saved 248 out of 1000 distances to distribution
0.25
Saved 249 out of 1000 distances to distribution
6.7
Saved 250 out of 1000 distances to distribution
1.2000000000000002
Saved 251 out of 1000 distances to distribution
7.550000000000001
Saved 252 out of 1000 distances to distribution
2.6
Saved 253 out of 1000 distances to distribution
0.35000000000000003
Saved 254 out of 1000 distances to distribution
3.0
Saved 255 out of 1000 distances to distribution
0.05
Saved 256 out of 1000 distances to distribution
0.05
Saved 257 out of 1000 distances to distribution
8.15
Saved 258 out of 1000 distances to distribution
3.6500000000000004
Saved 259 out of 1000 distances to distribution
0.05
Saved 260 out of 1000 distances to distribution
0.05
Saved 261 out of 1000 distances to distribution
0.05
Saved 262 out of 1000 distances to distribution
0.2
Saved 263 out of 1000 distances to distribution
2.25
Saved 264 out of 1000 distances to distribution
0.25
Saved 265 out of 1000 distances to distribution
0.2
Saved 266 out of 1000 distances to distribution
0.05
Saved 267 out of 1000 distances to distribution
0.25
Saved 268 out of 1000 distances to distribution
2.35
Saved 269 out of 1000 distances to distribution
0.05
Saved 270 out of 1000 distances to distribution
0.05
Saved 271 out of 1000 distances to distribution
0.05
Saved 272 out of 1000 distances to distribution
0.05
Saved 273 out of 1000 distances to distribution
8.75
Saved 274 out of 1000 distances to distribution
8.15
Saved 275 out of 1000 distances to distribution
0.05
Saved 276 out of 1000 distances to distribution
8.05
Saved 277 out of 1000 distances to distribution
0.05
Saved 278 out of 1000 distances to distribution
0.05
Saved 279 out of 1000 distances to distribution
2.9000000000000004
Saved 280 out of 1000 distances to distribution
0.2
Saved 281 out of 1000 distances to distribution
0.05
Saved 282 out of 1000 distances to distribution
4.2
Saved 283 out of 1000 distances to distribution
0.1
Saved 284 out of 1000 distances to distribution
0.2
Saved 285 out of 1000 distances to distribution
0.2
Saved 286 out of 1000 distances to distribution
5.0
Saved 287 out of 1000 distances to distribution
0.05
Saved 288 out of 1000 distances to distribution
0.05
Saved 289 out of 1000 distances to distribution
2.75
Saved 290 out of 1000 distances to distribution
0.2
Saved 291 out of 1000 distances to distribution
3.0
Saved 292 out of 1000 distances to distribution
0.05
Saved 293 out of 1000 distances to distribution
8.15
Saved 294 out of 1000 distances to distribution
8.1
Saved 295 out of 1000 distances to distribution
0.25
Saved 296 out of 1000 distances to distribution
3.5500000000000003
Saved 297 out of 1000 distances to distribution
0.05
Saved 298 out of 1000 distances to distribution
0.1
Saved 299 out of 1000 distances to distribution
0.05
Saved 300 out of 1000 distances to distribution
2.0
Saved 301 out of 1000 distances to distribution
0.05
Saved 302 out of 1000 distances to distribution
1.2000000000000002
Saved 303 out of 1000 distances to distribution
0.05
Saved 304 out of 1000 distances to distribution
0.05
Saved 305 out of 1000 distances to distribution
8.1
Saved 306 out of 1000 distances to distribution
0.05
Saved 307 out of 1000 distances to distribution
0.05
Saved 308 out of 1000 distances to distribution
0.1
Saved 309 out of 1000 distances to distribution
0.05
Saved 310 out of 1000 distances to distribution
0.2
Saved 311 out of 1000 distances to distribution
0.4
Saved 312 out of 1000 distances to distribution
0.05
Saved 313 out of 1000 distances to distribution
0.25
Saved 314 out of 1000 distances to distribution
0.35000000000000003
Saved 315 out of 1000 distances to distribution
0.05
Saved 316 out of 1000 distances to distribution
3.0500000000000003
Saved 317 out of 1000 distances to distribution
0.2
Saved 318 out of 1000 distances to distribution
0.05
Saved 319 out of 1000 distances to distribution
0.1
Saved 320 out of 1000 distances to distribution
2.0
Saved 321 out of 1000 distances to distribution
0.05
Saved 322 out of 1000 distances to distribution
0.05
Saved 323 out of 1000 distances to distribution
11.600000000000001
Saved 324 out of 1000 distances to distribution
0.2
Saved 325 out of 1000 distances to distribution
0.05
Saved 326 out of 1000 distances to distribution
0.05
Saved 327 out of 1000 distances to distribution
0.05
Saved 328 out of 1000 distances to distribution
8.15
Saved 329 out of 1000 distances to distribution
0.05
Saved 330 out of 1000 distances to distribution
0.05
Saved 331 out of 1000 distances to distribution
0.05
Saved 332 out of 1000 distances to distribution
0.05
Saved 333 out of 1000 distances to distribution
0.05
Saved 334 out of 1000 distances to distribution
2.6
Saved 335 out of 1000 distances to distribution
0.05
Saved 336 out of 1000 distances to distribution
0.05
Saved 337 out of 1000 distances to distribution
0.35000000000000003
Saved 338 out of 1000 distances to distribution
0.25
Saved 339 out of 1000 distances to distribution
0.05
Saved 340 out of 1000 distances to distribution
0.05
Saved 341 out of 1000 distances to distribution
3.4000000000000004
Saved 342 out of 1000 distances to distribution
0.05
Saved 343 out of 1000 distances to distribution
0.1
Saved 344 out of 1000 distances to distribution
3.1500000000000004
Saved 345 out of 1000 distances to distribution
0.05
Saved 346 out of 1000 distances to distribution
0.05
Saved 347 out of 1000 distances to distribution
0.05
Saved 348 out of 1000 distances to distribution
0.05
Saved 349 out of 1000 distances to distribution
2.9000000000000004
Saved 350 out of 1000 distances to distribution
0.05
Saved 351 out of 1000 distances to distribution
0.05
Saved 352 out of 1000 distances to distribution
0.2
Saved 353 out of 1000 distances to distribution
24.3
Saved 354 out of 1000 distances to distribution
0.2
Saved 355 out of 1000 distances to distribution
0.05
Saved 356 out of 1000 distances to distribution
3.0
Saved 357 out of 1000 distances to distribution
0.05
Saved 358 out of 1000 distances to distribution
3.25
Saved 359 out of 1000 distances to distribution
2.5
Saved 360 out of 1000 distances to distribution
0.05
Saved 361 out of 1000 distances to distribution
8.15
Saved 362 out of 1000 distances to distribution
0.2
Saved 363 out of 1000 distances to distribution
0.05
Saved 364 out of 1000 distances to distribution
0.05
Saved 365 out of 1000 distances to distribution
0.05
Saved 366 out of 1000 distances to distribution
0.05
Saved 367 out of 1000 distances to distribution
0.2
Saved 368 out of 1000 distances to distribution
0.05
Saved 369 out of 1000 distances to distribution
16.2
Saved 370 out of 1000 distances to distribution
0.35000000000000003
Saved 371 out of 1000 distances to distribution
0.05
Saved 372 out of 1000 distances to distribution
0.9
Saved 373 out of 1000 distances to distribution
0.05
Saved 374 out of 1000 distances to distribution
0.05
Saved 375 out of 1000 distances to distribution
0.05
Saved 376 out of 1000 distances to distribution
0.05
Saved 377 out of 1000 distances to distribution
0.25
Saved 378 out of 1000 distances to distribution
1.35
Saved 379 out of 1000 distances to distribution
0.2
Saved 380 out of 1000 distances to distribution
3.2
Saved 381 out of 1000 distances to distribution
0.05
Saved 382 out of 1000 distances to distribution
2.5500000000000003
Saved 383 out of 1000 distances to distribution
0.25
Saved 384 out of 1000 distances to distribution
0.05
Saved 385 out of 1000 distances to distribution
0.25
Saved 386 out of 1000 distances to distribution
1.55
Saved 387 out of 1000 distances to distribution
0.05
Saved 388 out of 1000 distances to distribution
0.25
Saved 389 out of 1000 distances to distribution
0.2
Saved 390 out of 1000 distances to distribution
0.05
Saved 391 out of 1000 distances to distribution
0.05
Saved 392 out of 1000 distances to distribution
3.1500000000000004
Saved 393 out of 1000 distances to distribution
0.05
Saved 394 out of 1000 distances to distribution
0.4
Saved 395 out of 1000 distances to distribution
0.05
Saved 396 out of 1000 distances to distribution
2.7
Saved 397 out of 1000 distances to distribution
8.05
Saved 398 out of 1000 distances to distribution
0.05
Saved 399 out of 1000 distances to distribution
3.4000000000000004
Saved 400 out of 1000 distances to distribution
16.2
Saved 401 out of 1000 distances to distribution
1.2000000000000002
Saved 402 out of 1000 distances to distribution
16.2
Saved 403 out of 1000 distances to distribution
0.1
Saved 404 out of 1000 distances to distribution
8.200000000000001
Saved 405 out of 1000 distances to distribution
0.25
Saved 406 out of 1000 distances to distribution
0.05
Saved 407 out of 1000 distances to distribution
0.05
Saved 408 out of 1000 distances to distribution
0.05
Saved 409 out of 1000 distances to distribution
16.2
Saved 410 out of 1000 distances to distribution
8.1
Saved 411 out of 1000 distances to distribution
0.05
Saved 412 out of 1000 distances to distribution
3.0
Saved 413 out of 1000 distances to distribution
0.05
Saved 414 out of 1000 distances to distribution
2.5500000000000003
Saved 415 out of 1000 distances to distribution
0.05
Saved 416 out of 1000 distances to distribution
3.4000000000000004
Saved 417 out of 1000 distances to distribution
0.05
Saved 418 out of 1000 distances to distribution
0.05
Saved 419 out of 1000 distances to distribution
0.1
Saved 420 out of 1000 distances to distribution
0.2
Saved 421 out of 1000 distances to distribution
0.05
Saved 422 out of 1000 distances to distribution
0.05
Saved 423 out of 1000 distances to distribution
0.05
Saved 424 out of 1000 distances to distribution
8.05
Saved 425 out of 1000 distances to distribution
0.05
Saved 426 out of 1000 distances to distribution
0.05
Saved 427 out of 1000 distances to distribution
0.05
Saved 428 out of 1000 distances to distribution
3.25
Saved 429 out of 1000 distances to distribution
2.35
Saved 430 out of 1000 distances to distribution
8.05
Saved 431 out of 1000 distances to distribution
0.05
Saved 432 out of 1000 distances to distribution
0.25
Saved 433 out of 1000 distances to distribution
0.05
Saved 434 out of 1000 distances to distribution
5.9
Saved 435 out of 1000 distances to distribution
0.2
Saved 436 out of 1000 distances to distribution
0.05
Saved 437 out of 1000 distances to distribution
0.05
Saved 438 out of 1000 distances to distribution
0.05
Saved 439 out of 1000 distances to distribution
3.0
Saved 440 out of 1000 distances to distribution
2.1
Saved 441 out of 1000 distances to distribution
3.5500000000000003
Saved 442 out of 1000 distances to distribution
0.05
Saved 443 out of 1000 distances to distribution
8.0
Saved 444 out of 1000 distances to distribution
0.05
Saved 445 out of 1000 distances to distribution
8.15
Saved 446 out of 1000 distances to distribution
0.05
Saved 447 out of 1000 distances to distribution
4.3500000000000005
Saved 448 out of 1000 distances to distribution
0.05
Saved 449 out of 1000 distances to distribution
0.05
Saved 450 out of 1000 distances to distribution
16.1
Saved 451 out of 1000 distances to distribution
0.05
Saved 452 out of 1000 distances to distribution
0.05
Saved 453 out of 1000 distances to distribution
8.0
Saved 454 out of 1000 distances to distribution
0.05
Saved 455 out of 1000 distances to distribution
8.1
Saved 456 out of 1000 distances to distribution
1.35
Saved 457 out of 1000 distances to distribution
0.05
Saved 458 out of 1000 distances to distribution
0.05
Saved 459 out of 1000 distances to distribution
8.15
Saved 460 out of 1000 distances to distribution
0.05
Saved 461 out of 1000 distances to distribution
0.05
Saved 462 out of 1000 distances to distribution
2.6
Saved 463 out of 1000 distances to distribution
0.05
Saved 464 out of 1000 distances to distribution
0.05
Saved 465 out of 1000 distances to distribution
0.05
Saved 466 out of 1000 distances to distribution
0.05
Saved 467 out of 1000 distances to distribution
2.1
Saved 468 out of 1000 distances to distribution
0.05
Saved 469 out of 1000 distances to distribution
2.75
Saved 470 out of 1000 distances to distribution
0.05
Saved 471 out of 1000 distances to distribution
12.200000000000001
Saved 472 out of 1000 distances to distribution
0.2
Saved 473 out of 1000 distances to distribution
0.05
Saved 474 out of 1000 distances to distribution
0.05
Saved 475 out of 1000 distances to distribution
0.05
Saved 476 out of 1000 distances to distribution
0.05
Saved 477 out of 1000 distances to distribution
24.400000000000002
Saved 478 out of 1000 distances to distribution
2.6
Saved 479 out of 1000 distances to distribution
0.05
Saved 480 out of 1000 distances to distribution
0.2
Saved 481 out of 1000 distances to distribution
0.05
Saved 482 out of 1000 distances to distribution
4.3500000000000005
Saved 483 out of 1000 distances to distribution
5.45
Saved 484 out of 1000 distances to distribution
0.05
Saved 485 out of 1000 distances to distribution
0.05
Saved 486 out of 1000 distances to distribution
0.05
Saved 487 out of 1000 distances to distribution
7.9
Saved 488 out of 1000 distances to distribution
0.05
Saved 489 out of 1000 distances to distribution
0.05
Saved 490 out of 1000 distances to distribution
8.05
Saved 491 out of 1000 distances to distribution
0.2
Saved 492 out of 1000 distances to distribution
0.05
Saved 493 out of 1000 distances to distribution
2.2
Saved 494 out of 1000 distances to distribution
4.5
Saved 495 out of 1000 distances to distribution
0.05
Saved 496 out of 1000 distances to distribution
0.05
Saved 497 out of 1000 distances to distribution
0.05
Saved 498 out of 1000 distances to distribution
4.15
Saved 499 out of 1000 distances to distribution
8.0
Saved 500 out of 1000 distances to distribution
0.1
Saved 501 out of 1000 distances to distribution
7.550000000000001
Saved 502 out of 1000 distances to distribution
0.2
Saved 503 out of 1000 distances to distribution
0.05
Saved 504 out of 1000 distances to distribution
0.05
Saved 505 out of 1000 distances to distribution
0.05
Saved 506 out of 1000 distances to distribution
0.05
Saved 507 out of 1000 distances to distribution
0.05
Saved 508 out of 1000 distances to distribution
0.35000000000000003
Saved 509 out of 1000 distances to distribution
8.05
Saved 510 out of 1000 distances to distribution
0.05
Saved 511 out of 1000 distances to distribution
0.05
Saved 512 out of 1000 distances to distribution
0.05
Saved 513 out of 1000 distances to distribution
0.4
Saved 514 out of 1000 distances to distribution
0.05
Saved 515 out of 1000 distances to distribution
8.05
Saved 516 out of 1000 distances to distribution
0.05
Saved 517 out of 1000 distances to distribution
2.85
Saved 518 out of 1000 distances to distribution
0.05
Saved 519 out of 1000 distances to distribution
8.05
Saved 520 out of 1000 distances to distribution
0.05
Saved 521 out of 1000 distances to distribution
0.05
Saved 522 out of 1000 distances to distribution
0.05
Saved 523 out of 1000 distances to distribution
0.05
Saved 524 out of 1000 distances to distribution
0.05
Saved 525 out of 1000 distances to distribution
0.05
Saved 526 out of 1000 distances to distribution
0.1
Saved 527 out of 1000 distances to distribution
3.0500000000000003
Saved 528 out of 1000 distances to distribution
0.2
Saved 529 out of 1000 distances to distribution
0.2
Saved 530 out of 1000 distances to distribution
0.05
Saved 531 out of 1000 distances to distribution
3.5500000000000003
Saved 532 out of 1000 distances to distribution
0.05
Saved 533 out of 1000 distances to distribution
8.0
Saved 534 out of 1000 distances to distribution
0.05
Saved 535 out of 1000 distances to distribution
3.5
Saved 536 out of 1000 distances to distribution
0.05
Saved 537 out of 1000 distances to distribution
0.05
Saved 538 out of 1000 distances to distribution
0.05
Saved 539 out of 1000 distances to distribution
0.05
Saved 540 out of 1000 distances to distribution
0.25
Saved 541 out of 1000 distances to distribution
0.05
Saved 542 out of 1000 distances to distribution
0.05
Saved 543 out of 1000 distances to distribution
8.1
Saved 544 out of 1000 distances to distribution
0.05
Saved 545 out of 1000 distances to distribution
0.05
Saved 546 out of 1000 distances to distribution
8.05
Saved 547 out of 1000 distances to distribution
0.1
Saved 548 out of 1000 distances to distribution
0.05
Saved 549 out of 1000 distances to distribution
0.05
Saved 550 out of 1000 distances to distribution
0.05
Saved 551 out of 1000 distances to distribution
1.1500000000000001
Saved 552 out of 1000 distances to distribution
0.05
Saved 553 out of 1000 distances to distribution
0.05
Saved 554 out of 1000 distances to distribution
0.25
Saved 555 out of 1000 distances to distribution
0.05
Saved 556 out of 1000 distances to distribution
0.05
Saved 557 out of 1000 distances to distribution
2.1
Saved 558 out of 1000 distances to distribution
0.05
Saved 559 out of 1000 distances to distribution
0.4
Saved 560 out of 1000 distances to distribution
0.05
Saved 561 out of 1000 distances to distribution
0.05
Saved 562 out of 1000 distances to distribution
0.05
Saved 563 out of 1000 distances to distribution
3.85
Saved 564 out of 1000 distances to distribution
3.1
Saved 565 out of 1000 distances to distribution
0.2
Saved 566 out of 1000 distances to distribution
0.05
Saved 567 out of 1000 distances to distribution
0.2
Saved 568 out of 1000 distances to distribution
0.05
Saved 569 out of 1000 distances to distribution
0.05
Saved 570 out of 1000 distances to distribution
0.05
Saved 571 out of 1000 distances to distribution
0.05
Saved 572 out of 1000 distances to distribution
2.7
Saved 573 out of 1000 distances to distribution
8.0
Saved 574 out of 1000 distances to distribution
8.1
Saved 575 out of 1000 distances to distribution
0.25
Saved 576 out of 1000 distances to distribution
0.4
Saved 577 out of 1000 distances to distribution
0.05
Saved 578 out of 1000 distances to distribution
0.25
Saved 579 out of 1000 distances to distribution
0.05
Saved 580 out of 1000 distances to distribution
0.25
Saved 581 out of 1000 distances to distribution
0.05
Saved 582 out of 1000 distances to distribution
0.05
Saved 583 out of 1000 distances to distribution
0.4
Saved 584 out of 1000 distances to distribution
1.6
Saved 585 out of 1000 distances to distribution
4.3500000000000005
Saved 586 out of 1000 distances to distribution
8.0
Saved 587 out of 1000 distances to distribution
0.05
Saved 588 out of 1000 distances to distribution
0.4
Saved 589 out of 1000 distances to distribution
0.05
Saved 590 out of 1000 distances to distribution
0.05
Saved 591 out of 1000 distances to distribution
4.2
Saved 592 out of 1000 distances to distribution
0.05
Saved 593 out of 1000 distances to distribution
0.05
Saved 594 out of 1000 distances to distribution
0.05
Saved 595 out of 1000 distances to distribution
0.05
Saved 596 out of 1000 distances to distribution
0.05
Saved 597 out of 1000 distances to distribution
4.5
Saved 598 out of 1000 distances to distribution
0.05
Saved 599 out of 1000 distances to distribution
2.25
Saved 600 out of 1000 distances to distribution
0.05
Saved 601 out of 1000 distances to distribution
0.05
Saved 602 out of 1000 distances to distribution
0.05
Saved 603 out of 1000 distances to distribution
0.05
Saved 604 out of 1000 distances to distribution
0.05
Saved 605 out of 1000 distances to distribution
0.05
Saved 606 out of 1000 distances to distribution
0.2
Saved 607 out of 1000 distances to distribution
0.25
Saved 608 out of 1000 distances to distribution
0.05
Saved 609 out of 1000 distances to distribution
0.05
Saved 610 out of 1000 distances to distribution
0.05
Saved 611 out of 1000 distances to distribution
0.25
Saved 612 out of 1000 distances to distribution
8.1
Saved 613 out of 1000 distances to distribution
24.400000000000002
Saved 614 out of 1000 distances to distribution
0.05
Saved 615 out of 1000 distances to distribution
0.05
Saved 616 out of 1000 distances to distribution
0.05
Saved 617 out of 1000 distances to distribution
0.2
Saved 618 out of 1000 distances to distribution
0.35000000000000003
Saved 619 out of 1000 distances to distribution
0.05
Saved 620 out of 1000 distances to distribution
0.05
Saved 621 out of 1000 distances to distribution
0.05
Saved 622 out of 1000 distances to distribution
0.05
Saved 623 out of 1000 distances to distribution
0.05
Saved 624 out of 1000 distances to distribution
0.05
Saved 625 out of 1000 distances to distribution
8.15
Saved 626 out of 1000 distances to distribution
0.05
Saved 627 out of 1000 distances to distribution
0.25
Saved 628 out of 1000 distances to distribution
0.05
Saved 629 out of 1000 distances to distribution
0.05
Saved 630 out of 1000 distances to distribution
0.05
Saved 631 out of 1000 distances to distribution
0.05
Saved 632 out of 1000 distances to distribution
0.05
Saved 633 out of 1000 distances to distribution
0.05
Saved 634 out of 1000 distances to distribution
3.85
Saved 635 out of 1000 distances to distribution
0.05
Saved 636 out of 1000 distances to distribution
0.2
Saved 637 out of 1000 distances to distribution
0.05
Saved 638 out of 1000 distances to distribution
0.1
Saved 639 out of 1000 distances to distribution
8.1
Saved 640 out of 1000 distances to distribution
0.2
Saved 641 out of 1000 distances to distribution
0.05
Saved 642 out of 1000 distances to distribution
0.05
Saved 643 out of 1000 distances to distribution
2.75
Saved 644 out of 1000 distances to distribution
0.05
Saved 645 out of 1000 distances to distribution
3.0
Saved 646 out of 1000 distances to distribution
0.05
Saved 647 out of 1000 distances to distribution
0.4
Saved 648 out of 1000 distances to distribution
0.2
Saved 649 out of 1000 distances to distribution
0.2
Saved 650 out of 1000 distances to distribution
1.35
Saved 651 out of 1000 distances to distribution
0.05
Saved 652 out of 1000 distances to distribution
0.05
Saved 653 out of 1000 distances to distribution
0.05
Saved 654 out of 1000 distances to distribution
0.05
Saved 655 out of 1000 distances to distribution
2.7
Saved 656 out of 1000 distances to distribution
0.25
Saved 657 out of 1000 distances to distribution
2.5
Saved 658 out of 1000 distances to distribution
0.05
Saved 659 out of 1000 distances to distribution
0.05
Saved 660 out of 1000 distances to distribution
0.2
Saved 661 out of 1000 distances to distribution
8.0
Saved 662 out of 1000 distances to distribution
0.1
Saved 663 out of 1000 distances to distribution
0.05
Saved 664 out of 1000 distances to distribution
6.7
Saved 665 out of 1000 distances to distribution
0.05
Saved 666 out of 1000 distances to distribution
0.05
Saved 667 out of 1000 distances to distribution
2.35
Saved 668 out of 1000 distances to distribution
0.05
Saved 669 out of 1000 distances to distribution
0.1
Saved 670 out of 1000 distances to distribution
0.05
Saved 671 out of 1000 distances to distribution
0.2
Saved 672 out of 1000 distances to distribution
8.200000000000001
Saved 673 out of 1000 distances to distribution
0.05
Saved 674 out of 1000 distances to distribution
0.05
Saved 675 out of 1000 distances to distribution
2.85
Saved 676 out of 1000 distances to distribution
2.2
Saved 677 out of 1000 distances to distribution
0.2
Saved 678 out of 1000 distances to distribution
0.05
Saved 679 out of 1000 distances to distribution
0.05
Saved 680 out of 1000 distances to distribution
0.05
Saved 681 out of 1000 distances to distribution
8.15
Saved 682 out of 1000 distances to distribution
0.05
Saved 683 out of 1000 distances to distribution
0.05
Saved 684 out of 1000 distances to distribution
2.6
Saved 685 out of 1000 distances to distribution
0.05
Saved 686 out of 1000 distances to distribution
0.05
Saved 687 out of 1000 distances to distribution
0.05
Saved 688 out of 1000 distances to distribution
0.05
Saved 689 out of 1000 distances to distribution
0.05
Saved 690 out of 1000 distances to distribution
0.05
Saved 691 out of 1000 distances to distribution
0.05
Saved 692 out of 1000 distances to distribution
2.1
Saved 693 out of 1000 distances to distribution
0.05
Saved 694 out of 1000 distances to distribution
0.05
Saved 695 out of 1000 distances to distribution
0.05
Saved 696 out of 1000 distances to distribution
0.2
Saved 697 out of 1000 distances to distribution
3.5500000000000003
Saved 698 out of 1000 distances to distribution
0.05
Saved 699 out of 1000 distances to distribution
0.05
Saved 700 out of 1000 distances to distribution
0.05
Saved 701 out of 1000 distances to distribution
4.15
Saved 702 out of 1000 distances to distribution
2.5
Saved 703 out of 1000 distances to distribution
0.05
Saved 704 out of 1000 distances to distribution
0.05
Saved 705 out of 1000 distances to distribution
0.05
Saved 706 out of 1000 distances to distribution
8.200000000000001
Saved 707 out of 1000 distances to distribution
0.2
Saved 708 out of 1000 distances to distribution
8.15
Saved 709 out of 1000 distances to distribution
0.05
Saved 710 out of 1000 distances to distribution
0.05
Saved 711 out of 1000 distances to distribution
0.05
Saved 712 out of 1000 distances to distribution
3.4000000000000004
Saved 713 out of 1000 distances to distribution
0.05
Saved 714 out of 1000 distances to distribution
16.2
Saved 715 out of 1000 distances to distribution
0.05
Saved 716 out of 1000 distances to distribution
7.5
Saved 717 out of 1000 distances to distribution
0.05
Saved 718 out of 1000 distances to distribution
0.2
Saved 719 out of 1000 distances to distribution
0.05
Saved 720 out of 1000 distances to distribution
0.35000000000000003
Saved 721 out of 1000 distances to distribution
0.1
Saved 722 out of 1000 distances to distribution
0.05
Saved 723 out of 1000 distances to distribution
4.8500000000000005
Saved 724 out of 1000 distances to distribution
2.2
Saved 725 out of 1000 distances to distribution
0.05
Saved 726 out of 1000 distances to distribution
8.15
Saved 727 out of 1000 distances to distribution
3.1
Saved 728 out of 1000 distances to distribution
3.4000000000000004
Saved 729 out of 1000 distances to distribution
3.0500000000000003
Saved 730 out of 1000 distances to distribution
0.05
Saved 731 out of 1000 distances to distribution
16.2
Saved 732 out of 1000 distances to distribution
0.25
Saved 733 out of 1000 distances to distribution
0.05
Saved 734 out of 1000 distances to distribution
0.05
Saved 735 out of 1000 distances to distribution
0.2
Saved 736 out of 1000 distances to distribution
0.35000000000000003
Saved 737 out of 1000 distances to distribution
0.05
Saved 738 out of 1000 distances to distribution
0.05
Saved 739 out of 1000 distances to distribution
0.05
Saved 740 out of 1000 distances to distribution
0.05
Saved 741 out of 1000 distances to distribution
0.05
Saved 742 out of 1000 distances to distribution
0.05
Saved 743 out of 1000 distances to distribution
0.05
Saved 744 out of 1000 distances to distribution
0.05
Saved 745 out of 1000 distances to distribution
0.05
Saved 746 out of 1000 distances to distribution
0.2
Saved 747 out of 1000 distances to distribution
0.05
Saved 748 out of 1000 distances to distribution
0.05
Saved 749 out of 1000 distances to distribution
8.1
Saved 750 out of 1000 distances to distribution
8.15
Saved 751 out of 1000 distances to distribution
2.6
Saved 752 out of 1000 distances to distribution
2.9000000000000004
Saved 753 out of 1000 distances to distribution
0.25
Saved 754 out of 1000 distances to distribution
0.05
Saved 755 out of 1000 distances to distribution
0.05
Saved 756 out of 1000 distances to distribution
2.9000000000000004
Saved 757 out of 1000 distances to distribution
0.2
Saved 758 out of 1000 distances to distribution
0.25
Saved 759 out of 1000 distances to distribution
0.05
Saved 760 out of 1000 distances to distribution
3.5
Saved 761 out of 1000 distances to distribution
0.05
Saved 762 out of 1000 distances to distribution
3.4000000000000004
Saved 763 out of 1000 distances to distribution
0.05
Saved 764 out of 1000 distances to distribution
1.2000000000000002
Saved 765 out of 1000 distances to distribution
0.05
Saved 766 out of 1000 distances to distribution
0.05
Saved 767 out of 1000 distances to distribution
2.5500000000000003
Saved 768 out of 1000 distances to distribution
0.25
Saved 769 out of 1000 distances to distribution
0.05
Saved 770 out of 1000 distances to distribution
0.05
Saved 771 out of 1000 distances to distribution
0.05
Saved 772 out of 1000 distances to distribution
0.05
Saved 773 out of 1000 distances to distribution
0.05
Saved 774 out of 1000 distances to distribution
0.05
Saved 775 out of 1000 distances to distribution
0.05
Saved 776 out of 1000 distances to distribution
0.05
Saved 777 out of 1000 distances to distribution
0.05
Saved 778 out of 1000 distances to distribution
2.4000000000000004
Saved 779 out of 1000 distances to distribution
0.05
Saved 780 out of 1000 distances to distribution
2.9000000000000004
Saved 781 out of 1000 distances to distribution
7.300000000000001
Saved 782 out of 1000 distances to distribution
0.05
Saved 783 out of 1000 distances to distribution
0.05
Saved 784 out of 1000 distances to distribution
0.05
Saved 785 out of 1000 distances to distribution
0.35000000000000003
Saved 786 out of 1000 distances to distribution
0.05
Saved 787 out of 1000 distances to distribution
0.05
Saved 788 out of 1000 distances to distribution
0.35000000000000003
Saved 789 out of 1000 distances to distribution
0.1
Saved 790 out of 1000 distances to distribution
0.05
Saved 791 out of 1000 distances to distribution
0.05
Saved 792 out of 1000 distances to distribution
0.2
Saved 793 out of 1000 distances to distribution
0.05
Saved 794 out of 1000 distances to distribution
0.05
Saved 795 out of 1000 distances to distribution
0.05
Saved 796 out of 1000 distances to distribution
0.05
Saved 797 out of 1000 distances to distribution
4.3
Saved 798 out of 1000 distances to distribution
0.05
Saved 799 out of 1000 distances to distribution
0.05
Saved 800 out of 1000 distances to distribution
0.05
Saved 801 out of 1000 distances to distribution
0.05
Saved 802 out of 1000 distances to distribution
3.25
Saved 803 out of 1000 distances to distribution
0.05
Saved 804 out of 1000 distances to distribution
0.05
Saved 805 out of 1000 distances to distribution
0.05
Saved 806 out of 1000 distances to distribution
0.05
Saved 807 out of 1000 distances to distribution
0.05
Saved 808 out of 1000 distances to distribution
0.05
Saved 809 out of 1000 distances to distribution
0.05
Saved 810 out of 1000 distances to distribution
0.05
Saved 811 out of 1000 distances to distribution
0.05
Saved 812 out of 1000 distances to distribution
0.05
Saved 813 out of 1000 distances to distribution
0.2
Saved 814 out of 1000 distances to distribution
8.15
Saved 815 out of 1000 distances to distribution
0.05
Saved 816 out of 1000 distances to distribution
0.05
Saved 817 out of 1000 distances to distribution
3.0
Saved 818 out of 1000 distances to distribution
0.05
Saved 819 out of 1000 distances to distribution
8.05
Saved 820 out of 1000 distances to distribution
0.05
Saved 821 out of 1000 distances to distribution
2.75
Saved 822 out of 1000 distances to distribution
2.85
Saved 823 out of 1000 distances to distribution
0.1
Saved 824 out of 1000 distances to distribution
0.1
Saved 825 out of 1000 distances to distribution
2.9000000000000004
Saved 826 out of 1000 distances to distribution
0.05
Saved 827 out of 1000 distances to distribution
0.4
Saved 828 out of 1000 distances to distribution
3.0
Saved 829 out of 1000 distances to distribution
0.05
Saved 830 out of 1000 distances to distribution
3.6500000000000004
Saved 831 out of 1000 distances to distribution
0.05
Saved 832 out of 1000 distances to distribution
2.5500000000000003
Saved 833 out of 1000 distances to distribution
0.35000000000000003
Saved 834 out of 1000 distances to distribution
0.05
Saved 835 out of 1000 distances to distribution
0.05
Saved 836 out of 1000 distances to distribution
0.1
Saved 837 out of 1000 distances to distribution
0.05
Saved 838 out of 1000 distances to distribution
0.05
Saved 839 out of 1000 distances to distribution
6.550000000000001
Saved 840 out of 1000 distances to distribution
0.05
Saved 841 out of 1000 distances to distribution
0.05
Saved 842 out of 1000 distances to distribution
0.25
Saved 843 out of 1000 distances to distribution
0.05
Saved 844 out of 1000 distances to distribution
3.25
Saved 845 out of 1000 distances to distribution
0.05
Saved 846 out of 1000 distances to distribution
0.05
Saved 847 out of 1000 distances to distribution
0.05
Saved 848 out of 1000 distances to distribution
0.65
Saved 849 out of 1000 distances to distribution
0.05
Saved 850 out of 1000 distances to distribution
0.05
Saved 851 out of 1000 distances to distribution
0.05
Saved 852 out of 1000 distances to distribution
0.05
Saved 853 out of 1000 distances to distribution
8.15
Saved 854 out of 1000 distances to distribution
0.25
Saved 855 out of 1000 distances to distribution
0.4
Saved 856 out of 1000 distances to distribution
0.05
Saved 857 out of 1000 distances to distribution
8.15
Saved 858 out of 1000 distances to distribution
0.05
Saved 859 out of 1000 distances to distribution
0.05
Saved 860 out of 1000 distances to distribution
4.0
Saved 861 out of 1000 distances to distribution
0.05
Saved 862 out of 1000 distances to distribution
4.2
Saved 863 out of 1000 distances to distribution
0.05
Saved 864 out of 1000 distances to distribution
3.85
Saved 865 out of 1000 distances to distribution
0.05
Saved 866 out of 1000 distances to distribution
0.4
Saved 867 out of 1000 distances to distribution
2.85
Saved 868 out of 1000 distances to distribution
0.05
Saved 869 out of 1000 distances to distribution
0.05
Saved 870 out of 1000 distances to distribution
0.05
Saved 871 out of 1000 distances to distribution
0.1
Saved 872 out of 1000 distances to distribution
0.65
Saved 873 out of 1000 distances to distribution
8.200000000000001
Saved 874 out of 1000 distances to distribution
0.05
Saved 875 out of 1000 distances to distribution
3.0500000000000003
Saved 876 out of 1000 distances to distribution
0.2
Saved 877 out of 1000 distances to distribution
0.05
Saved 878 out of 1000 distances to distribution
0.25
Saved 879 out of 1000 distances to distribution
0.25
Saved 880 out of 1000 distances to distribution
8.15
Saved 881 out of 1000 distances to distribution
0.05
Saved 882 out of 1000 distances to distribution
0.05
Saved 883 out of 1000 distances to distribution
0.05
Saved 884 out of 1000 distances to distribution
7.8500000000000005
Saved 885 out of 1000 distances to distribution
0.05
Saved 886 out of 1000 distances to distribution
0.05
Saved 887 out of 1000 distances to distribution
0.25
Saved 888 out of 1000 distances to distribution
7.95
Saved 889 out of 1000 distances to distribution
1.55
Saved 890 out of 1000 distances to distribution
0.05
Saved 891 out of 1000 distances to distribution
0.05
Saved 892 out of 1000 distances to distribution
6.0
Saved 893 out of 1000 distances to distribution
0.05
Saved 894 out of 1000 distances to distribution
0.05
Saved 895 out of 1000 distances to distribution
0.05
Saved 896 out of 1000 distances to distribution
8.05
Saved 897 out of 1000 distances to distribution
0.05
Saved 898 out of 1000 distances to distribution
3.4000000000000004
Saved 899 out of 1000 distances to distribution
0.05
Saved 900 out of 1000 distances to distribution
0.05
Saved 901 out of 1000 distances to distribution
0.05
Saved 902 out of 1000 distances to distribution
0.2
Saved 903 out of 1000 distances to distribution
0.05
Saved 904 out of 1000 distances to distribution
8.1
Saved 905 out of 1000 distances to distribution
0.05
Saved 906 out of 1000 distances to distribution
0.05
Saved 907 out of 1000 distances to distribution
3.6500000000000004
Saved 908 out of 1000 distances to distribution
0.05
Saved 909 out of 1000 distances to distribution
0.2
Saved 910 out of 1000 distances to distribution
0.05
Saved 911 out of 1000 distances to distribution
8.05
Saved 912 out of 1000 distances to distribution
0.05
Saved 913 out of 1000 distances to distribution
1.35
Saved 914 out of 1000 distances to distribution
0.1
Saved 915 out of 1000 distances to distribution
3.8000000000000003
Saved 916 out of 1000 distances to distribution
0.05
Saved 917 out of 1000 distances to distribution
0.05
Saved 918 out of 1000 distances to distribution
0.2
Saved 919 out of 1000 distances to distribution
0.05
Saved 920 out of 1000 distances to distribution
0.2
Saved 921 out of 1000 distances to distribution
0.4
Saved 922 out of 1000 distances to distribution
0.05
Saved 923 out of 1000 distances to distribution
3.0
Saved 924 out of 1000 distances to distribution
0.05
Saved 925 out of 1000 distances to distribution
0.05
Saved 926 out of 1000 distances to distribution
0.05
Saved 927 out of 1000 distances to distribution
0.05
Saved 928 out of 1000 distances to distribution
8.1
Saved 929 out of 1000 distances to distribution
0.05
Saved 930 out of 1000 distances to distribution
0.05
Saved 931 out of 1000 distances to distribution
0.05
Saved 932 out of 1000 distances to distribution
0.05
Saved 933 out of 1000 distances to distribution
0.1
Saved 934 out of 1000 distances to distribution
0.05
Saved 935 out of 1000 distances to distribution
6.5
Saved 936 out of 1000 distances to distribution
0.4
Saved 937 out of 1000 distances to distribution
0.05
Saved 938 out of 1000 distances to distribution
16.3
Saved 939 out of 1000 distances to distribution
8.1
Saved 940 out of 1000 distances to distribution
0.2
Saved 941 out of 1000 distances to distribution
2.75
Saved 942 out of 1000 distances to distribution
0.05
Saved 943 out of 1000 distances to distribution
0.05
Saved 944 out of 1000 distances to distribution
0.25
Saved 945 out of 1000 distances to distribution
0.25
Saved 946 out of 1000 distances to distribution
0.1
Saved 947 out of 1000 distances to distribution
0.05
Saved 948 out of 1000 distances to distribution
0.05
Saved 949 out of 1000 distances to distribution
0.05
Saved 950 out of 1000 distances to distribution
0.1
Saved 951 out of 1000 distances to distribution
0.05
Saved 952 out of 1000 distances to distribution
6.2
Saved 953 out of 1000 distances to distribution
0.05
Saved 954 out of 1000 distances to distribution
0.05
Saved 955 out of 1000 distances to distribution
0.05
Saved 956 out of 1000 distances to distribution
0.05
Saved 957 out of 1000 distances to distribution
0.2
Saved 958 out of 1000 distances to distribution
0.2
Saved 959 out of 1000 distances to distribution
0.05
Saved 960 out of 1000 distances to distribution
0.05
Saved 961 out of 1000 distances to distribution
8.1
Saved 962 out of 1000 distances to distribution
3.5500000000000003
Saved 963 out of 1000 distances to distribution
0.05
Saved 964 out of 1000 distances to distribution
0.05
Saved 965 out of 1000 distances to distribution
0.05
Saved 966 out of 1000 distances to distribution
0.05
Saved 967 out of 1000 distances to distribution
0.25
Saved 968 out of 1000 distances to distribution
0.05
Saved 969 out of 1000 distances to distribution
3.5500000000000003
Saved 970 out of 1000 distances to distribution
3.5500000000000003
Saved 971 out of 1000 distances to distribution
0.05
Saved 972 out of 1000 distances to distribution
2.5
Saved 973 out of 1000 distances to distribution
8.15
Saved 974 out of 1000 distances to distribution
11.600000000000001
Saved 975 out of 1000 distances to distribution
0.25
Saved 976 out of 1000 distances to distribution
0.2
Saved 977 out of 1000 distances to distribution
0.2
Saved 978 out of 1000 distances to distribution
0.05
Saved 979 out of 1000 distances to distribution
4.3
Saved 980 out of 1000 distances to distribution
0.05
Saved 981 out of 1000 distances to distribution
0.05
Saved 982 out of 1000 distances to distribution
0.35000000000000003
Saved 983 out of 1000 distances to distribution
0.1
Saved 984 out of 1000 distances to distribution
0.8500000000000001
Saved 985 out of 1000 distances to distribution
0.4
Saved 986 out of 1000 distances to distribution
0.05
Saved 987 out of 1000 distances to distribution
8.15
Saved 988 out of 1000 distances to distribution
0.05
Saved 989 out of 1000 distances to distribution
8.05
Saved 990 out of 1000 distances to distribution
0.05
Saved 991 out of 1000 distances to distribution
0.05
Saved 992 out of 1000 distances to distribution
8.05
Saved 993 out of 1000 distances to distribution
0.35000000000000003
Saved 994 out of 1000 distances to distribution
0.1
Saved 995 out of 1000 distances to distribution
0.1
Saved 996 out of 1000 distances to distribution
0.05
Saved 997 out of 1000 distances to distribution
8.0
Saved 998 out of 1000 distances to distribution
0.05
Saved 999 out of 1000 distances to distribution
0.1
Saved 1000 out of 1000 distances to distribution
